TN:
SF:src/game-rules.ts
FN:3,canTilesMatch
FNF:1
FNH:1
FNDA:3057,canTilesMatch
DA:1,1
DA:3,1
DA:4,3057
DA:5,2370
DA:6,2370
DA:8,687
DA:9,3057
DA:10,3057
DA:11,3057
DA:12,529
DA:13,3057
DA:14,152
DA:15,3057
DA:16,6
DA:17,3057
DA:18,0
DA:19,3057
DA:20,3057
LF:18
LH:17
BRDA:3,0,0,3057
BRDA:4,1,0,2370
BRDA:6,2,0,687
BRDA:9,3,0,269
BRDA:10,4,0,338
BRDA:11,5,0,529
BRDA:13,6,0,152
BRDA:15,7,0,6
BRDA:17,8,0,0
BRF:9
BRH:8
end_of_record
TN:
SF:src/mahjong-deck.ts
FN:4,<instance_members_initializer>
FN:8,MahjongDeck
FN:9,MahjongDeck.n
FN:28,getTile
FN:36,getLength
FN:40,shuffle
FN:56,reset
FNF:7
FNH:4
FNDA:3,<instance_members_initializer>
FNDA:3,MahjongDeck
FNDA:0,MahjongDeck.n
FNDA:146,getTile
FNDA:146,getLength
FNDA:0,shuffle
FNDA:0,reset
DA:1,1
DA:3,1
DA:4,1
DA:5,3
DA:6,3
DA:8,1
DA:9,3
DA:11,3
DA:12,12
DA:13,36
DA:14,324
DA:15,324
DA:16,36
DA:18,12
DA:19,84
DA:20,84
DA:21,12
DA:23,3
DA:24,24
DA:25,24
DA:26,3
DA:28,1
DA:29,146
DA:30,2
DA:31,2
DA:33,144
DA:34,146
DA:36,1
DA:37,146
DA:38,146
DA:40,1
DA:41,0
DA:42,0
DA:43,0
DA:45,0
DA:46,0
DA:47,0
DA:48,0
DA:49,0
DA:50,0
DA:52,0
DA:53,0
DA:54,0
DA:56,1
DA:57,0
DA:58,0
DA:59,0
DA:60,0
DA:61,0
DA:62,0
DA:63,0
DA:65,0
DA:66,0
DA:67,1
LF:54
LH:33
BRDA:4,0,0,3
BRDA:8,1,0,3
BRDA:11,2,0,12
BRDA:12,3,0,36
BRDA:13,4,0,324
BRDA:18,5,0,84
BRDA:23,6,0,24
BRDA:28,7,0,146
BRDA:29,8,0,145
BRDA:29,9,0,2
BRDA:31,10,0,144
BRDA:36,11,0,146
BRF:12
BRH:12
end_of_record
TN:
SF:src/mahjong-game-engine.ts
FN:72,<instance_members_initializer>
FN:84,init
FN:95,reset
FN:111,start
FN:160,isStarted
FN:164,getStatus
FN:168,findHintMatch
FN:198,interactWithTile
FN:257,placeSelectedPotTile
FN:337,clickTile
FN:341,clickColumn
FN:345,getState
FN:356,getDebugSnapshot
FN:366,resetTurnHistory
FN:371,recordTurn
FN:384,resetDeck
FN:408,shuffleDeck
FN:417,createTile
FN:427,cloneDeckTile
FN:431,createEmptyBoard
FN:435,resetGameState
FN:443,revealTile
FN:447,createActionResult
FN:455,clearSelection
FN:465,setSelection
FN:472,findTileById
FN:476,findSelectedTile
FN:480,findBoardTile
FN:491,canMatch
FN:495,moveSelectedPotTileToColumn
FN:516,removeMatchedTile
FN:547,handlePotTileClick
FN:566,handleBoardTileClick
FN:597,getPlayableTiles
FN:604,hasAnyPlayableMove
FN:628,updateStatus
FNF:36
FNH:34
FNDA:18,<instance_members_initializer>
FNDA:18,init
FNDA:4,reset
FNDA:14,start
FNDA:87,isStarted
FNDA:35,getStatus
FNDA:21,findHintMatch
FNDA:34,interactWithTile
FNDA:3,placeSelectedPotTile
FNDA:0,clickTile
FNDA:0,clickColumn
FNDA:29,getState
FNDA:1,getDebugSnapshot
FNDA:14,resetTurnHistory
FNDA:55,recordTurn
FNDA:22,resetDeck
FNDA:22,shuffleDeck
FNDA:3168,createTile
FNDA:2016,cloneDeckTile
FNDA:36,createEmptyBoard
FNDA:22,resetGameState
FNDA:294,revealTile
FNDA:37,createActionResult
FNDA:70,clearSelection
FNDA:18,setSelection
FNDA:66,findTileById
FNDA:124,findSelectedTile
FNDA:55,findBoardTile
FNDA:3046,canMatch
FNDA:1,moveSelectedPotTileToColumn
FNDA:28,removeMatchedTile
FNDA:5,handlePotTileClick
FNDA:27,handleBoardTileClick
FNDA:19,getPlayableTiles
FNDA:29,hasAnyPlayableMove
FNDA:29,updateStatus
DA:1,1
DA:2,1
DA:4,2
DA:5,1
DA:6,1
DA:9,1
DA:10,1
DA:11,1
DA:12,1
DA:13,1
DA:16,1
DA:17,1
DA:18,1
DA:19,1
DA:20,1
DA:21,1
DA:71,1
DA:72,1
DA:73,18
DA:74,18
DA:75,18
DA:76,18
DA:77,18
DA:78,18
DA:79,18
DA:80,18
DA:81,18
DA:82,18
DA:84,1
DA:85,18
DA:86,0
DA:87,0
DA:89,18
DA:90,18
DA:91,18
DA:92,18
DA:93,18
DA:95,1
DA:96,4
DA:97,0
DA:98,0
DA:100,4
DA:101,4
DA:102,4
DA:103,4
DA:104,4
DA:105,4
DA:106,4
DA:107,4
DA:108,4
DA:109,4
DA:111,1
DA:112,14
DA:113,0
DA:114,0
DA:116,14
DA:117,0
DA:118,0
DA:120,14
DA:121,14
DA:122,14
DA:123,14
DA:125,14
DA:126,14
DA:127,1512
DA:128,1512
DA:129,1512
DA:131,1512
DA:132,84
DA:133,84
DA:134,1512
DA:136,14
DA:137,504
DA:138,504
DA:140,14
DA:141,252
DA:142,252
DA:143,252
DA:144,14
DA:145,14
DA:146,14
DA:147,14
DA:148,14
DA:149,14
DA:150,14
DA:151,14
DA:152,14
DA:153,14
DA:154,14
DA:155,14
DA:156,14
DA:157,14
DA:158,14
DA:160,1
DA:161,87
DA:162,87
DA:164,1
DA:165,35
DA:166,35
DA:168,1
DA:169,21
DA:170,2
DA:171,2
DA:173,19
DA:174,19
DA:175,21
DA:176,0
DA:177,0
DA:178,0
DA:179,0
DA:181,0
DA:182,0
DA:183,0
DA:184,0
DA:185,0
DA:187,21
DA:188,96
DA:189,1249
DA:190,18
DA:191,18
DA:192,1249
DA:193,78
DA:195,1
DA:196,21
DA:198,1
DA:199,34
DA:201,34
DA:202,1
DA:203,1
DA:204,1
DA:205,1
DA:206,1
DA:207,1
DA:208,1
DA:209,1
DA:210,1
DA:211,1
DA:212,1
DA:214,33
DA:215,34
DA:216,0
DA:217,0
DA:218,0
DA:219,0
DA:220,0
DA:221,0
DA:222,0
DA:223,0
DA:224,0
DA:225,0
DA:226,0
DA:228,33
DA:229,34
DA:230,1
DA:231,1
DA:232,34
DA:233,32
DA:234,32
DA:235,5
DA:236,32
DA:237,27
DA:238,27
DA:239,27
DA:240,27
DA:241,0
DA:242,0
DA:243,27
DA:244,32
DA:246,33
DA:247,33
DA:248,33
DA:249,33
DA:250,33
DA:251,33
DA:252,33
DA:253,33
DA:254,33
DA:255,34
DA:257,1
DA:258,3
DA:260,3
DA:261,1
DA:262,1
DA:263,1
DA:264,1
DA:265,1
DA:266,1
DA:267,1
DA:268,1
DA:269,1
DA:270,1
DA:271,1
DA:273,3
DA:274,0
DA:275,0
DA:276,0
DA:277,0
DA:278,0
DA:279,0
DA:280,0
DA:281,0
DA:282,0
DA:283,0
DA:284,0
DA:286,3
DA:287,0
DA:288,0
DA:289,0
DA:290,0
DA:291,0
DA:292,0
DA:293,0
DA:294,0
DA:295,0
DA:296,0
DA:297,0
DA:299,2
DA:300,3
DA:301,0
DA:302,0
DA:303,0
DA:304,0
DA:305,0
DA:306,0
DA:307,0
DA:308,0
DA:309,0
DA:310,0
DA:311,0
DA:313,2
DA:314,2
DA:315,3
DA:316,0
DA:317,3
DA:318,1
DA:319,1
DA:320,1
DA:321,1
DA:322,1
DA:323,1
DA:325,2
DA:326,2
DA:327,2
DA:328,2
DA:329,2
DA:330,2
DA:331,2
DA:332,2
DA:333,2
DA:334,3
DA:337,1
DA:338,0
DA:339,0
DA:341,1
DA:342,0
DA:343,0
DA:345,1
DA:346,29
DA:347,29
DA:348,29
DA:349,29
DA:350,29
DA:351,29
DA:352,29
DA:353,29
DA:354,29
DA:356,1
DA:357,1
DA:358,1
DA:359,1
DA:360,1
DA:361,1
DA:362,1
DA:363,1
DA:364,1
DA:366,1
DA:367,14
DA:368,14
DA:369,14
DA:371,1
DA:372,55
DA:373,55
DA:374,55
DA:375,55
DA:376,55
DA:377,55
DA:379,55
DA:380,0
DA:381,0
DA:382,55
DA:384,1
DA:385,22
DA:386,22
DA:388,22
DA:389,88
DA:390,264
DA:391,2376
DA:392,2376
DA:393,2376
DA:394,264
DA:396,88
DA:397,616
DA:398,616
DA:399,616
DA:400,88
DA:402,22
DA:403,176
DA:404,176
DA:405,176
DA:406,22
DA:408,1
DA:409,22
DA:410,110
DA:411,15730
DA:412,15730
DA:413,15730
DA:414,110
DA:415,22
DA:417,1
DA:418,3168
DA:419,3168
DA:420,3168
DA:421,3168
DA:422,3168
DA:423,3168
DA:424,3168
DA:425,3168
DA:427,1
DA:428,2016
DA:429,2016
DA:431,1
DA:432,36
DA:433,36
DA:435,1
DA:436,22
DA:437,22
DA:438,22
DA:439,22
DA:440,22
DA:441,22
DA:443,1
DA:444,294
DA:445,294
DA:447,1
DA:448,37
DA:449,37
DA:450,37
DA:451,37
DA:452,37
DA:453,37
DA:455,1
DA:456,70
DA:457,70
DA:458,2
DA:459,2
DA:461,70
DA:462,70
DA:463,70
DA:465,1
DA:466,18
DA:467,18
DA:468,18
DA:469,18
DA:470,18
DA:472,1
DA:473,66
DA:474,66
DA:476,1
DA:477,124
DA:478,124
DA:480,1
DA:481,55
DA:482,506
DA:483,506
DA:484,52
DA:485,52
DA:486,506
DA:488,454
DA:489,55
DA:491,1
DA:492,3046
DA:493,3046
DA:495,1
DA:496,1
DA:497,1
DA:498,0
DA:499,0
DA:501,1
DA:502,1
DA:503,0
DA:504,0
DA:506,1
DA:507,1
DA:508,1
DA:509,1
DA:510,1
DA:511,1
DA:512,1
DA:513,1
DA:514,1
DA:516,1
DA:517,28
DA:518,28
DA:519,25
DA:520,25
DA:521,25
DA:522,25
DA:523,25
DA:525,25
DA:526,25
DA:527,24
DA:528,24
DA:529,25
DA:530,25
DA:532,3
DA:533,3
DA:534,3
DA:535,3
DA:536,3
DA:537,3
DA:538,3
DA:540,3
DA:541,3
DA:542,3
DA:543,3
DA:544,3
DA:545,28
DA:547,1
DA:548,5
DA:549,5
DA:550,2
DA:551,2
DA:552,2
DA:554,5
DA:555,0
DA:556,0
DA:557,0
DA:559,3
DA:560,3
DA:561,3
DA:562,3
DA:563,3
DA:564,5
DA:566,1
DA:567,27
DA:568,27
DA:569,0
DA:570,0
DA:572,27
DA:573,27
DA:574,16
DA:575,16
DA:576,16
DA:578,27
DA:579,0
DA:580,0
DA:582,11
DA:583,11
DA:584,11
DA:585,11
DA:586,11
DA:587,11
DA:588,11
DA:590,0
DA:591,0
DA:592,0
DA:594,0
DA:595,27
DA:597,1
DA:598,19
DA:599,19
DA:601,19
DA:602,19
DA:604,1
DA:605,29
DA:606,29
DA:607,163
DA:608,1719
DA:609,24
DA:610,24
DA:611,1719
DA:612,139
DA:614,5
DA:615,5
DA:616,5
DA:617,3
DA:618,3
DA:620,5
DA:621,1
DA:622,1
DA:623,5
DA:625,1
DA:626,29
DA:628,1
DA:629,29
DA:630,0
DA:631,0
DA:633,29
DA:634,29
DA:635,0
DA:636,0
DA:637,0
DA:639,29
DA:640,1
DA:641,1
DA:642,1
DA:644,28
DA:645,29
DA:646,1
LF:509
LH:419
BRDA:4,0,0,2
BRDA:9,1,0,2
BRDA:16,2,0,2
BRDA:72,3,0,18
BRDA:84,4,0,18
BRDA:85,5,0,0
BRDA:95,6,0,4
BRDA:96,7,0,0
BRDA:111,8,0,14
BRDA:112,9,0,0
BRDA:116,10,0,0
BRDA:126,11,0,1512
BRDA:131,12,0,84
BRDA:136,13,0,504
BRDA:140,14,0,252
BRDA:160,15,0,87
BRDA:164,16,0,35
BRDA:168,17,0,21
BRDA:169,18,0,2
BRDA:171,19,0,19
BRDA:175,20,0,0
BRDA:185,21,0,19
BRDA:187,22,0,96
BRDA:188,23,0,1249
BRDA:189,24,0,18
BRDA:192,25,0,78
BRDA:193,26,0,1
BRDA:198,27,0,34
BRDA:201,28,0,1
BRDA:212,29,0,33
BRDA:215,30,0,0
BRDA:226,31,0,33
BRDA:229,32,0,1
BRDA:232,33,0,32
BRDA:234,34,0,5
BRDA:236,35,0,27
BRDA:240,36,0,0
BRDA:244,37,0,33
BRDA:257,38,0,3
BRDA:260,39,0,1
BRDA:271,40,0,2
BRDA:273,41,0,0
BRDA:284,42,0,2
BRDA:286,43,0,0
BRDA:297,44,0,2
BRDA:300,45,0,0
BRDA:311,46,0,2
BRDA:315,47,0,1
BRDA:315,48,0,0
BRDA:317,49,0,2
BRDA:317,50,0,1
BRDA:345,51,0,29
BRDA:350,52,0,522
BRDA:350,53,0,1679
BRDA:351,54,0,569
BRDA:352,55,0,56
BRDA:356,56,0,1
BRDA:361,57,0,144
BRDA:362,58,0,2
BRDA:366,59,0,14
BRDA:371,60,0,55
BRDA:379,61,0,0
BRDA:384,62,0,22
BRDA:388,63,0,88
BRDA:389,64,0,264
BRDA:390,65,0,2376
BRDA:396,66,0,616
BRDA:402,67,0,176
BRDA:408,68,0,22
BRDA:409,69,0,110
BRDA:410,70,0,15730
BRDA:417,71,0,3168
BRDA:427,72,0,2016
BRDA:431,73,0,36
BRDA:432,74,0,648
BRDA:435,75,0,22
BRDA:443,76,0,294
BRDA:447,77,0,37
BRDA:455,78,0,70
BRDA:457,79,0,2
BRDA:465,80,0,18
BRDA:472,81,0,66
BRDA:473,82,0,22
BRDA:473,83,0,3615
BRDA:473,84,0,747
BRDA:476,85,0,124
BRDA:477,86,0,33
BRDA:477,87,0,91
BRDA:480,88,0,55
BRDA:481,89,0,506
BRDA:483,90,0,52
BRDA:486,91,0,454
BRDA:482,92,0,2527
BRDA:491,93,0,3046
BRDA:495,94,0,1
BRDA:497,95,0,0
BRDA:502,96,0,0
BRDA:516,97,0,28
BRDA:518,98,0,25
BRDA:526,99,0,24
BRDA:530,100,0,3
BRDA:532,101,0,105
BRDA:547,102,0,5
BRDA:549,103,0,2
BRDA:552,104,0,3
BRDA:554,105,0,0
BRDA:557,106,0,3
BRDA:566,107,0,27
BRDA:568,108,0,0
BRDA:573,109,0,16
BRDA:576,110,0,11
BRDA:578,111,0,0
BRDA:580,112,0,11
BRDA:588,113,0,0
BRDA:597,114,0,19
BRDA:601,115,0,0
BRDA:598,116,0,342
BRDA:598,117,0,342
BRDA:604,118,0,29
BRDA:606,119,0,163
BRDA:607,120,0,1719
BRDA:608,121,0,24
BRDA:611,122,0,139
BRDA:612,123,0,22
BRDA:612,124,0,5
BRDA:616,125,0,3
BRDA:618,126,0,2
BRDA:620,127,0,1
BRDA:623,128,0,1
BRDA:605,129,0,522
BRDA:605,130,0,522
BRDA:616,131,0,63
BRDA:620,132,0,34
BRDA:628,133,0,29
BRDA:629,134,0,0
BRDA:633,135,0,0
BRDA:634,136,0,0
BRDA:639,137,0,1
BRDA:642,138,0,28
BRDA:633,139,0,29
BRF:140
BRH:118
end_of_record
TN:
SF:src/mahjong-game.ts
FN:32,<instance_members_initializer>
FN:45,MahjongGame
FN:50,init
FN:62,getPot
FN:68,getBoard
FN:79,isStarted
FN:83,getStatus
FN:87,setStatusChangeHandler
FN:91,setDifficulty
FN:97,getRemainingHints
FN:101,reset
FN:109,start
FN:121,showHint
FN:143,getDebugSnapshot
FN:153,getDebugSnapshotJson
FN:157,renderBoardColumns
FN:171,getOrCreateView
FN:188,applyTileState
FN:205,render
FN:241,clearHintHighlight
FN:251,notifyStatusChangeIfNeeded
FN:261,clickBoard
FNF:22
FNH:16
FNDA:8,<instance_members_initializer>
FNDA:8,MahjongGame
FNDA:8,init
FNDA:0,getPot
FNDA:0,getBoard
FNDA:7,isStarted
FNDA:0,getStatus
FNDA:1,setStatusChangeHandler
FNDA:5,setDifficulty
FNDA:14,getRemainingHints
FNDA:3,reset
FNDA:7,start
FNDA:4,showHint
FNDA:0,getDebugSnapshot
FNDA:0,getDebugSnapshotJson
FNDA:18,renderBoardColumns
FNDA:1008,getOrCreateView
FNDA:1008,applyTileState
FNDA:18,render
FNDA:18,clearHintHighlight
FNDA:10,notifyStatusChangeIfNeeded
FNDA:0,clickBoard
DA:1,1
DA:2,1
DA:4,1
DA:5,1
DA:6,1
DA:7,1
DA:10,1
DA:11,1
DA:12,1
DA:13,1
DA:14,1
DA:16,1
DA:17,1
DA:18,1
DA:19,1
DA:20,1
DA:31,1
DA:32,1
DA:33,8
DA:34,8
DA:35,8
DA:36,8
DA:37,8
DA:38,8
DA:39,8
DA:40,8
DA:41,8
DA:42,8
DA:43,8
DA:45,8
DA:46,8
DA:47,8
DA:48,8
DA:50,8
DA:51,8
DA:52,0
DA:53,0
DA:55,8
DA:56,8
DA:57,8
DA:58,8
DA:59,8
DA:60,8
DA:62,8
DA:63,0
DA:64,0
DA:65,0
DA:66,0
DA:68,8
DA:69,0
DA:70,0
DA:71,0
DA:72,0
DA:73,0
DA:74,0
DA:76,0
DA:77,0
DA:79,8
DA:80,7
DA:81,7
DA:83,8
DA:84,0
DA:85,0
DA:87,8
DA:88,1
DA:89,1
DA:91,8
DA:92,5
DA:93,5
DA:94,5
DA:95,5
DA:97,8
DA:98,14
DA:99,14
DA:101,8
DA:102,3
DA:103,3
DA:104,3
DA:105,3
DA:106,3
DA:107,3
DA:109,8
DA:110,7
DA:111,7
DA:112,7
DA:113,7
DA:114,7
DA:115,7
DA:116,7
DA:117,0
DA:118,0
DA:119,7
DA:121,8
DA:122,4
DA:123,0
DA:124,0
DA:126,4
DA:127,1
DA:128,1
DA:130,3
DA:131,3
DA:132,4
DA:133,0
DA:134,0
DA:136,3
DA:137,3
DA:138,3
DA:139,3
DA:140,3
DA:141,4
DA:143,8
DA:144,0
DA:145,0
DA:146,0
DA:147,0
DA:148,0
DA:149,0
DA:150,0
DA:151,0
DA:153,8
DA:154,0
DA:155,0
DA:157,8
DA:158,18
DA:159,18
DA:161,18
DA:162,324
DA:163,324
DA:164,324
DA:165,324
DA:166,324
DA:168,18
DA:169,18
DA:171,8
DA:172,1008
DA:173,1008
DA:174,864
DA:175,0
DA:176,0
DA:177,0
DA:178,0
DA:179,0
DA:180,0
DA:181,864
DA:182,864
DA:183,864
DA:185,1008
DA:186,1008
DA:188,8
DA:189,1008
DA:190,1008
DA:191,133
DA:192,1008
DA:193,0
DA:194,0
DA:196,1008
DA:197,0
DA:198,1008
DA:199,1008
DA:200,1008
DA:202,1008
DA:203,1008
DA:205,8
DA:206,18
DA:207,18
DA:208,18
DA:209,18
DA:211,18
DA:212,324
DA:213,756
DA:214,756
DA:215,756
DA:216,324
DA:217,18
DA:219,18
DA:220,252
DA:221,252
DA:222,252
DA:223,18
DA:225,18
DA:226,1440
DA:227,432
DA:228,432
DA:229,432
DA:230,432
DA:231,57
DA:232,57
DA:233,432
DA:234,18
DA:236,18
DA:237,0
DA:238,18
DA:239,18
DA:241,8
DA:242,18
DA:243,3
DA:244,3
DA:245,3
DA:247,18
DA:248,18
DA:249,18
DA:251,8
DA:252,10
DA:253,10
DA:254,0
DA:255,0
DA:257,10
DA:258,10
DA:259,10
DA:261,8
DA:262,0
DA:263,0
DA:264,0
DA:265,0
DA:266,0
DA:267,0
DA:269,0
DA:270,0
DA:271,0
DA:273,0
DA:274,0
DA:275,0
DA:276,0
DA:277,0
DA:278,0
DA:279,1
LF:226
LH:167
BRDA:4,0,0,1
BRDA:16,1,0,1
BRDA:32,2,0,8
BRDA:45,3,0,8
BRDA:50,4,0,8
BRDA:51,5,0,0
BRDA:79,6,0,7
BRDA:87,7,0,1
BRDA:91,8,0,5
BRDA:97,9,0,14
BRDA:101,10,0,3
BRDA:109,11,0,7
BRDA:116,12,0,0
BRDA:121,13,0,4
BRDA:122,14,0,0
BRDA:126,15,0,1
BRDA:128,16,0,3
BRDA:132,17,0,0
BRDA:134,18,0,3
BRDA:137,19,0,6
BRDA:157,20,0,18
BRDA:161,21,0,324
BRDA:171,22,0,1008
BRDA:173,23,0,864
BRDA:174,24,0,133
BRDA:188,25,0,1008
BRDA:190,26,0,133
BRDA:192,27,0,875
BRDA:192,28,0,0
BRDA:196,29,0,0
BRDA:205,30,0,18
BRDA:211,31,0,324
BRDA:212,32,0,756
BRDA:219,33,0,252
BRDA:225,34,0,1440
BRDA:226,35,0,432
BRDA:230,36,0,57
BRDA:241,37,0,18
BRDA:242,38,0,3
BRDA:247,39,0,6
BRDA:251,40,0,10
BRDA:253,41,0,0
BRDA:258,42,0,2
BRF:43
BRH:36
end_of_record
TN:
SF:src/mahjong-tile.ts
FN:21,<instance_members_initializer>
FN:29,MahjongTile
FN:29,onFlip
FN:29,onClick
FN:50,getElement
FN:54,getInfo
FN:58,flipTile
FN:82,fadeOut
FN:87,fadeIn
FN:92,select
FN:96,unselect
FN:100,showHint
FN:104,clearHint
FN:108,isVisible
FN:112,clearFadeClasses
FN:116,validate
FNF:16
FNH:11
FNDA:1300,<instance_members_initializer>
FNDA:1300,MahjongTile
FNDA:0,onFlip
FNDA:0,onClick
FNDA:1442,getElement
FNDA:146,getInfo
FNDA:192,flipTile
FNDA:0,fadeOut
FNDA:0,fadeIn
FNDA:0,select
FNDA:1440,unselect
FNDA:6,showHint
FNDA:438,clearHint
FNDA:1310,isVisible
FNDA:192,clearFadeClasses
FNDA:1300,validate
DA:1,1
DA:2,1
DA:3,1
DA:4,1
DA:5,1
DA:6,1
DA:7,1
DA:20,1
DA:21,1
DA:22,1300
DA:23,1300
DA:24,1300
DA:25,1300
DA:26,1300
DA:27,1300
DA:29,1
DA:30,1300
DA:31,1300
DA:32,1300
DA:34,1300
DA:36,1300
DA:37,1300
DA:38,1300
DA:39,1300
DA:41,1300
DA:42,1300
DA:43,1300
DA:44,1300
DA:45,0
DA:46,0
DA:47,1300
DA:48,1300
DA:50,1
DA:51,1442
DA:52,1442
DA:54,1
DA:55,146
DA:56,146
DA:58,1
DA:59,192
DA:60,134
DA:61,0
DA:62,0
DA:63,0
DA:65,134
DA:66,134
DA:67,134
DA:68,134
DA:69,134
DA:70,134
DA:71,134
DA:73,58
DA:74,58
DA:75,58
DA:76,58
DA:77,58
DA:78,58
DA:79,58
DA:80,192
DA:82,1
DA:83,0
DA:84,0
DA:85,0
DA:87,1
DA:88,0
DA:89,0
DA:90,0
DA:92,1
DA:93,0
DA:94,0
DA:96,1
DA:97,1440
DA:98,1440
DA:100,1
DA:101,6
DA:102,6
DA:104,1
DA:105,438
DA:106,438
DA:108,1
DA:109,1310
DA:110,1310
DA:112,1
DA:113,192
DA:114,192
DA:116,1
DA:117,1300
DA:118,0
DA:119,0
DA:121,1300
DA:122,1300
DA:123,3
DA:124,1300
DA:125,1300
DA:126,1300
DA:127,973
DA:128,0
DA:129,0
DA:130,973
DA:131,1300
DA:132,252
DA:133,0
DA:134,0
DA:135,252
DA:136,1300
DA:137,72
DA:138,0
DA:139,0
DA:140,72
DA:141,1300
DA:142,0
DA:143,1300
DA:144,1300
DA:145,1
LF:114
LH:92
BRDA:1,0,0,3
BRDA:21,1,0,1300
BRDA:29,2,0,1300
BRDA:50,3,0,1442
BRDA:54,4,0,146
BRDA:58,5,0,192
BRDA:59,6,0,191
BRDA:59,7,0,134
BRDA:60,8,0,0
BRDA:71,9,0,58
BRDA:96,10,0,1440
BRDA:100,11,0,6
BRDA:104,12,0,438
BRDA:108,13,0,1310
BRDA:112,14,0,192
BRDA:116,15,0,1300
BRDA:117,16,0,0
BRDA:122,17,0,3
BRDA:124,18,0,325
BRDA:125,19,0,649
BRDA:126,20,0,973
BRDA:127,21,0,0
BRDA:131,22,0,252
BRDA:132,23,0,0
BRDA:136,24,0,72
BRDA:137,25,0,0
BRDA:141,26,0,0
BRF:27
BRH:21
end_of_record
TN:
SF:src/main.ts
FN:1,(empty-report)
FNF:1
FNH:0
FNDA:0,(empty-report)
DA:1,0
DA:2,0
DA:3,0
DA:14,0
DA:15,0
DA:16,0
DA:17,0
DA:18,0
DA:19,0
DA:20,0
DA:21,0
DA:22,0
DA:23,0
DA:24,0
DA:25,0
DA:26,0
DA:27,0
DA:28,0
DA:30,0
DA:31,0
DA:32,0
DA:34,0
DA:35,0
DA:36,0
DA:37,0
DA:38,0
DA:39,0
DA:40,0
DA:41,0
DA:42,0
DA:44,0
DA:45,0
DA:46,0
DA:48,0
DA:49,0
DA:50,0
DA:51,0
DA:52,0
DA:54,0
DA:55,0
DA:56,0
DA:57,0
DA:58,0
DA:59,0
DA:61,0
DA:62,0
DA:63,0
DA:64,0
DA:66,0
DA:67,0
DA:68,0
DA:70,0
DA:71,0
DA:73,0
DA:74,0
DA:75,0
DA:76,0
DA:78,0
DA:79,0
DA:81,0
DA:82,0
DA:83,0
DA:85,0
DA:86,0
DA:87,0
DA:88,0
DA:89,0
DA:90,0
DA:92,0
DA:93,0
DA:94,0
DA:95,0
DA:96,0
DA:97,0
DA:98,0
DA:99,0
DA:100,0
DA:101,0
DA:102,0
DA:103,0
DA:104,0
DA:105,0
DA:106,0
DA:107,0
DA:108,0
DA:109,0
DA:111,0
DA:112,0
DA:113,0
DA:114,0
DA:116,0
DA:117,0
DA:118,0
DA:119,0
DA:120,0
DA:121,0
DA:122,0
DA:123,0
DA:124,0
DA:125,0
DA:126,0
DA:128,0
DA:129,0
DA:130,0
DA:131,0
DA:132,0
DA:133,0
DA:134,0
DA:136,0
DA:137,0
DA:138,0
DA:139,0
DA:141,0
DA:142,0
DA:143,0
DA:144,0
DA:145,0
DA:146,0
DA:147,0
DA:148,0
DA:149,0
DA:151,0
DA:152,0
DA:153,0
DA:154,0
DA:155,0
LF:126
LH:0
BRDA:1,0,0,0
BRF:1
BRH:0
end_of_record
